        -:    0:Source:/home/antoine/Documents/Developpement/c/stealth/src/core/geometry/Rectangle.c
        -:    0:Graph:/home/antoine/Documents/Developpement/c/stealth/cmake-build-debug-coverage/CMakeFiles/stealth.dir/src/core/geometry/Rectangle.c.gcno
        -:    0:Data:/home/antoine/Documents/Developpement/c/stealth/cmake-build-debug-coverage/CMakeFiles/stealth.dir/src/core/geometry/Rectangle.c.gcda
        -:    0:Runs:1
        -:    1:/*
        -:    2: *   This file is part of Stealth game
        -:    3: *    Yann ROUX--DAUGROIS
        -:    4: *   and Antoine Bastos
        -:    5: *   SPDX-License-Identifier: Apache-2.0
        -:    6: */
        -:    7:
        -:    8:#include "core/geometry/Rectangle.h"
        -:    9:#include <stdio.h>
        -:   10:
        -:   11:
function rectangle_print called 0 returned 0% blocks executed 0%
    #####:   12:void rectangle_print(Rectangle *rectangle){
    #####:   13:    printf("Rectangle [");
    %%%%%:   13-block  0
call    0 never executed
    #####:   14:    position_print(&rectangle->origin);
call    0 never executed
    #####:   15:    printf(", w: %d, h: %d]"
call    0 never executed
        -:   16:           , rectangle->w
        -:   17:           , rectangle->h);
    #####:   18:}
        -:   19:
function rectangle_init called 1 returned 100% blocks executed 100%
        1:   20:void rectangle_init(Rectangle  *rectangle, int x, int y, int w, int h){
        1:   21:    position_init(&rectangle->origin, x, y);
        1:   21-block  0
call    0 returned 1
        1:   22:    rectangle->w = w;
        1:   23:    rectangle->h = h;
        1:   24:}
        -:   25:
function rectangle_with_padding called 2108 returned 100% blocks executed 100%
     2108:   26:void rectangle_with_padding(const Rectangle *rectangle, double paddingx, double paddingy, Rectangle *result){
     2108:   27:    paddingx = rectangle->w * paddingx;
     2108:   28:    paddingy = rectangle->h * paddingy;
     2108:   29:    result->origin.x = rectangle->origin.x + paddingx;
     2108:   30:    result->origin.y = rectangle->origin.y + paddingy;
     2108:   31:    result->w = rectangle->w - paddingx * 2;
     2108:   32:    result->h = rectangle->h - paddingy * 2;
     2108:   33:}
