        -:    0:Source:/home/antoine/Documents/Developpement/c/stealth/src/model/Relic.c
        -:    0:Graph:/home/antoine/Documents/Developpement/c/stealth/cmake-build-debug-coverage/CMakeFiles/stealth.dir/src/model/Relic.c.gcno
        -:    0:Data:/home/antoine/Documents/Developpement/c/stealth/cmake-build-debug-coverage/CMakeFiles/stealth.dir/src/model/Relic.c.gcda
        -:    0:Runs:1
        -:    1:#include "model/Relic.h"
        -:    2:
function init_relic called 6 returned 100% blocks executed 67%
        6:    3:void init_relic(Relic *relic, Position pos){
       6*:    4:    assert(relic);
        6:    4-block  0
branch  0 taken 0 (fallthrough)
branch  1 taken 6
    %%%%%:    4-block  1
call    2 never executed
        6:    5:    relic->stolen = 0;
        6:    6:    relic->noticed = 0;
        6:    7:    relic->position = pos;
        6:    8:}
        -:    9:
function relic_steal called 3 returned 100% blocks executed 67%
        3:   10:void relic_steal(Relic *relic){
       3*:   11:    assert(relic);
        3:   11-block  0
branch  0 taken 0 (fallthrough)
branch  1 taken 3
    %%%%%:   11-block  1
call    2 never executed
        3:   12:    relic->stolen = 1;
        3:   13:}
        -:   14:
function relic_is_stolen called 25305 returned 100% blocks executed 75%
    25305:   15:int relic_is_stolen(const Relic *relic){
   25305*:   16:    assert(relic);
    25305:   16-block  0
branch  0 taken 0 (fallthrough)
branch  1 taken 25305
    %%%%%:   16-block  1
call    2 never executed
    25305:   17:    return relic->stolen;
    25305:   17-block  0
        -:   18:}
