        -:    0:Source:/home/antoine/Documents/Developpement/c/stealth/src/model/Tile.c
        -:    0:Graph:/home/antoine/Documents/Developpement/c/stealth/cmake-build-debug-coverage/CMakeFiles/stealth.dir/src/model/Tile.c.gcno
        -:    0:Data:/home/antoine/Documents/Developpement/c/stealth/cmake-build-debug-coverage/CMakeFiles/stealth.dir/src/model/Tile.c.gcda
        -:    0:Runs:1
        -:    1:#include <assert.h>
        -:    2:#include "model/Tile.h"
        -:    3:
        -:    4:
function print_tile called 0 returned 0% blocks executed 0%
    #####:    5:void print_tile(Tile tile){
    #####:    6:    switch (tile.type) {
    %%%%%:    6-block  0
branch  0 never executed
branch  1 never executed
branch  2 never executed
branch  3 never executed
branch  4 never executed
    #####:    7:        case MANA:
    #####:    8:            printf("M");
    %%%%%:    8-block  0
call    0 never executed
    #####:    9:            break;
        -:   10:
    #####:   11:        case WALL:
    #####:   12:            printf("X");
    %%%%%:   12-block  0
call    0 never executed
    #####:   13:            break;
        -:   14:
    #####:   15:        case RELIC:
    #####:   16:            printf("R");
    %%%%%:   16-block  0
call    0 never executed
    #####:   17:            break;
    #####:   18:        case EMPTY:
    #####:   19:            printf(" ");
    %%%%%:   19-block  0
call    0 never executed
        -:   20:    }
    #####:   21:}
        -:   22:
function tile_get_type called 5693020 returned 100% blocks executed 75%
  5693020:   23:int tile_get_type(const Tile *tile){
 5693020*:   24:    assert(tile);
  5693020:   24-block  0
branch  0 taken 0 (fallthrough)
branch  1 taken 5693020
    %%%%%:   24-block  1
call    2 never executed
  5693020:   25:    return tile->type;
  5693020:   25-block  0
        -:   26:}
        -:   27:
function tile_set_type called 5406 returned 100% blocks executed 67%
     5406:   28:void tile_set_type(Tile *tile, TileType type){
    5406*:   29:    assert(tile);
     5406:   29-block  0
branch  0 taken 0 (fallthrough)
branch  1 taken 5406
    %%%%%:   29-block  1
call    2 never executed
     5406:   30:    tile->type = type;
     5406:   31:}
